[1029/011638.808:ERROR:directory_reader_win.cc(43)] FindFirstFile: The system cannot find the path specified. (0x3)
[1029/025314.484:ERROR:process_reader_win.cc(151)] SuspendThread: Access is denied. (0x5)
[1029/025314.488:ERROR:process_reader_win.cc(151)] SuspendThread: Access is denied. (0x5)
[1029/025314.489:ERROR:process_reader_win.cc(151)] SuspendThread: Access is denied. (0x5)
[1029/025314.489:ERROR:process_reader_win.cc(151)] SuspendThread: Access is denied. (0x5)
[1029/025314.489:ERROR:process_reader_win.cc(151)] SuspendThread: Access is denied. (0x5)
[1029/025314.489:ERROR:process_reader_win.cc(151)] SuspendThread: Access is denied. (0x5)
[1029/025314.489:ERROR:process_reader_win.cc(151)] SuspendThread: Access is denied. (0x5)
[1029/025314.489:ERROR:process_reader_win.cc(151)] SuspendThread: Access is denied. (0x5)
[1029/025314.489:ERROR:process_reader_win.cc(151)] SuspendThread: Access is denied. (0x5)
[1029/025314.489:ERROR:process_reader_win.cc(151)] SuspendThread: Access is denied. (0x5)
[1029/025314.489:ERROR:process_reader_win.cc(151)] SuspendThread: Access is denied. (0x5)
[1029/025314.489:ERROR:process_reader_win.cc(123)] NtOpenThread: {Access Denied} A process has requested access to an object, but has not been granted those access rights. (0xc0000022)
[1029/025314.493:ERROR:exception_snapshot_win.cc(99)] thread ID 8904 not found in process
[1029/025314.524:ERROR:process_reader_win.cc(151)] SuspendThread: Access is denied. (0x5)
[1029/025314.525:ERROR:process_reader_win.cc(151)] SuspendThread: Access is denied. (0x5)
[1029/025314.525:ERROR:process_reader_win.cc(151)] SuspendThread: Access is denied. (0x5)
[1029/025314.525:ERROR:process_reader_win.cc(151)] SuspendThread: Access is denied. (0x5)
[1029/025314.525:ERROR:process_reader_win.cc(151)] SuspendThread: Access is denied. (0x5)
[1029/025314.525:ERROR:process_reader_win.cc(151)] SuspendThread: Access is denied. (0x5)
[1029/025314.525:ERROR:process_reader_win.cc(151)] SuspendThread: Access is denied. (0x5)
[1029/025314.525:ERROR:process_reader_win.cc(151)] SuspendThread: Access is denied. (0x5)
[1029/025314.525:ERROR:process_reader_win.cc(151)] SuspendThread: Access is denied. (0x5)
[1029/025314.525:ERROR:process_reader_win.cc(151)] SuspendThread: Access is denied. (0x5)
[1029/025314.525:ERROR:process_reader_win.cc(151)] SuspendThread: Access is denied. (0x5)
[1029/025314.525:ERROR:process_reader_win.cc(151)] SuspendThread: Access is denied. (0x5)
[1029/025314.526:ERROR:process_reader_win.cc(151)] SuspendThread: Access is denied. (0x5)
[1029/025314.526:ERROR:process_reader_win.cc(151)] SuspendThread: Access is denied. (0x5)
[1029/025314.526:ERROR:process_reader_win.cc(151)] SuspendThread: Access is denied. (0x5)
[1029/025314.526:ERROR:process_reader_win.cc(151)] SuspendThread: Access is denied. (0x5)
[1029/025314.526:ERROR:process_reader_win.cc(151)] SuspendThread: Access is denied. (0x5)
[1029/025314.526:ERROR:process_reader_win.cc(151)] SuspendThread: Access is denied. (0x5)
[1029/025314.526:ERROR:process_reader_win.cc(151)] SuspendThread: Access is denied. (0x5)
[1029/025314.526:ERROR:process_reader_win.cc(151)] SuspendThread: Access is denied. (0x5)
[1029/025314.526:ERROR:process_reader_win.cc(151)] SuspendThread: Access is denied. (0x5)
[1029/025314.526:ERROR:process_reader_win.cc(151)] SuspendThread: Access is denied. (0x5)
[1029/025314.526:ERROR:process_reader_win.cc(151)] SuspendThread: Access is denied. (0x5)
[1029/025314.526:ERROR:process_reader_win.cc(151)] SuspendThread: Access is denied. (0x5)
[1029/025314.526:ERROR:process_reader_win.cc(151)] SuspendThread: Access is denied. (0x5)
[1029/025314.526:ERROR:process_reader_win.cc(123)] NtOpenThread: {Access Denied} A process has requested access to an object, but has not been granted those access rights. (0xc0000022)
[1029/025314.526:ERROR:exception_snapshot_win.cc(99)] thread ID 16116 not found in process
[1029/025314.527:ERROR:process_reader_win.cc(151)] SuspendThread: Access is denied. (0x5)
[1029/025314.527:ERROR:process_reader_win.cc(151)] SuspendThread: Access is denied. (0x5)
[1029/025314.527:ERROR:process_reader_win.cc(123)] NtOpenThread: {Access Denied} A process has requested access to an object, but has not been granted those access rights. (0xc0000022)
[1029/025314.527:ERROR:exception_snapshot_win.cc(99)] thread ID 14604 not found in process
[1029/025314.548:ERROR:process_reader_win.cc(123)] NtOpenThread: {Access Denied} A process has requested access to an object, but has not been granted those access rights. (0xc0000022)
[1029/025314.548:ERROR:exception_snapshot_win.cc(99)] thread ID 14096 not found in process
[1029/030607.089:ERROR:directory_reader_win.cc(43)] FindFirstFile: The system cannot find the path specified. (0x3)
[1029/110910.360:ERROR:directory_reader_win.cc(43)] FindFirstFile: The system cannot find the path specified. (0x3)
[1029/120935.756:ERROR:directory_reader_win.cc(43)] FindFirstFile: The system cannot find the path specified. (0x3)
[1029/130515.751:ERROR:directory_reader_win.cc(43)] FindFirstFile: The system cannot find the path specified. (0x3)
[1029/130538.712:ERROR:directory_reader_win.cc(43)] FindFirstFile: The system cannot find the path specified. (0x3)
[1029/133831.002:ERROR:process_reader_win.cc(151)] SuspendThread: Access is denied. (0x5)
[1029/133831.006:ERROR:process_reader_win.cc(151)] SuspendThread: Access is denied. (0x5)
[1029/133831.006:ERROR:process_reader_win.cc(123)] NtOpenThread: {Access Denied} A process has requested access to an object, but has not been granted those access rights. (0xc0000022)
[1029/133831.010:ERROR:exception_snapshot_win.cc(99)] thread ID 7976 not found in process
[1029/133831.055:ERROR:process_reader_win.cc(151)] SuspendThread: Access is denied. (0x5)
[1029/133831.055:ERROR:process_reader_win.cc(151)] SuspendThread: Access is denied. (0x5)
[1029/133831.055:ERROR:process_reader_win.cc(151)] SuspendThread: Access is denied. (0x5)
[1029/133831.055:ERROR:process_reader_win.cc(151)] SuspendThread: Access is denied. (0x5)
[1029/133831.055:ERROR:process_reader_win.cc(123)] NtOpenThread: {Access Denied} A process has requested access to an object, but has not been granted those access rights. (0xc0000022)
[1029/133831.055:ERROR:exception_snapshot_win.cc(99)] thread ID 18872 not found in process
[1029/141046.056:ERROR:directory_reader_win.cc(43)] FindFirstFile: The system cannot find the path specified. (0x3)
[1029/141056.462:ERROR:process_reader_win.cc(151)] SuspendThread: Access is denied. (0x5)
[1029/141056.462:ERROR:process_reader_win.cc(151)] SuspendThread: Access is denied. (0x5)
[1029/141056.462:ERROR:process_reader_win.cc(123)] NtOpenThread: {Access Denied} A process has requested access to an object, but has not been granted those access rights. (0xc0000022)
[1029/141056.469:ERROR:exception_snapshot_win.cc(99)] thread ID 1032 not found in process
[1029/141056.558:ERROR:process_reader_win.cc(151)] SuspendThread: Access is denied. (0x5)
[1029/141056.558:ERROR:process_reader_win.cc(151)] SuspendThread: Access is denied. (0x5)
[1029/141056.558:ERROR:process_reader_win.cc(151)] SuspendThread: Access is denied. (0x5)
[1029/141056.558:ERROR:process_reader_win.cc(151)] SuspendThread: Access is denied. (0x5)
[1029/141056.558:ERROR:process_reader_win.cc(151)] SuspendThread: Access is denied. (0x5)
[1029/141056.558:ERROR:process_reader_win.cc(123)] NtOpenThread: {Access Denied} A process has requested access to an object, but has not been granted those access rights. (0xc0000022)
[1029/141056.558:ERROR:exception_snapshot_win.cc(99)] thread ID 200 not found in process
[1029/142658.244:ERROR:directory_reader_win.cc(43)] FindFirstFile: The system cannot find the path specified. (0x3)
[1029/143001.270:ERROR:directory_reader_win.cc(43)] FindFirstFile: The system cannot find the path specified. (0x3)
[1029/144216.633:ERROR:directory_reader_win.cc(43)] FindFirstFile: The system cannot find the path specified. (0x3)
[1029/145206.579:ERROR:directory_reader_win.cc(43)] FindFirstFile: The system cannot find the path specified. (0x3)
[1029/145604.607:ERROR:directory_reader_win.cc(43)] FindFirstFile: The system cannot find the path specified. (0x3)
[1029/164302.242:ERROR:directory_reader_win.cc(43)] FindFirstFile: The system cannot find the path specified. (0x3)
[1029/170359.140:ERROR:process_reader_win.cc(151)] SuspendThread: Access is denied. (0x5)
[1029/170359.147:ERROR:process_reader_win.cc(123)] NtOpenThread: {Access Denied} A process has requested access to an object, but has not been granted those access rights. (0xc0000022)
[1029/170359.156:ERROR:exception_snapshot_win.cc(99)] thread ID 8456 not found in process
[1029/172802.654:ERROR:directory_reader_win.cc(43)] FindFirstFile: The system cannot find the path specified. (0x3)
[1029/173028.429:ERROR:process_reader_win.cc(123)] NtOpenThread: {Access Denied} A process has requested access to an object, but has not been granted those access rights. (0xc0000022)
[1029/173028.431:ERROR:exception_snapshot_win.cc(99)] thread ID 14792 not found in process
[1029/173028.625:ERROR:process_reader_win.cc(151)] SuspendThread: Access is denied. (0x5)
[1029/173028.626:ERROR:process_reader_win.cc(151)] SuspendThread: Access is denied. (0x5)
[1029/173028.626:ERROR:process_reader_win.cc(151)] SuspendThread: Access is denied. (0x5)
[1029/173028.626:ERROR:process_reader_win.cc(123)] NtOpenThread: {Access Denied} A process has requested access to an object, but has not been granted those access rights. (0xc0000022)
[1029/173028.626:ERROR:exception_snapshot_win.cc(99)] thread ID 11348 not found in process
[1029/174211.559:ERROR:directory_reader_win.cc(43)] FindFirstFile: The system cannot find the path specified. (0x3)
[1029/175955.311:ERROR:process_reader_win.cc(151)] SuspendThread: Access is denied. (0x5)
[1029/175955.313:ERROR:process_reader_win.cc(151)] SuspendThread: Access is denied. (0x5)
[1029/175955.314:ERROR:process_reader_win.cc(123)] NtOpenThread: {Access Denied} A process has requested access to an object, but has not been granted those access rights. (0xc0000022)
[1029/175955.315:ERROR:exception_snapshot_win.cc(99)] thread ID 10200 not found in process
[1029/175955.354:ERROR:process_reader_win.cc(151)] SuspendThread: Access is denied. (0x5)
[1029/175955.355:ERROR:process_reader_win.cc(151)] SuspendThread: Access is denied. (0x5)
[1029/175955.355:ERROR:process_reader_win.cc(151)] SuspendThread: Access is denied. (0x5)
[1029/175955.355:ERROR:process_reader_win.cc(151)] SuspendThread: Access is denied. (0x5)
[1029/175955.355:ERROR:process_reader_win.cc(123)] NtOpenThread: {Access Denied} A process has requested access to an object, but has not been granted those access rights. (0xc0000022)
[1029/175955.355:ERROR:exception_snapshot_win.cc(99)] thread ID 13528 not found in process
[1029/181114.390:ERROR:process_reader_win.cc(123)] NtOpenThread: {Access Denied} A process has requested access to an object, but has not been granted those access rights. (0xc0000022)
[1029/181114.474:ERROR:exception_snapshot_win.cc(99)] thread ID 14772 not found in process
[1029/181114.553:ERROR:process_reader_win.cc(151)] SuspendThread: Access is denied. (0x5)
[1029/181114.554:ERROR:process_reader_win.cc(151)] SuspendThread: Access is denied. (0x5)
[1029/181114.554:ERROR:process_reader_win.cc(151)] SuspendThread: Access is denied. (0x5)
[1029/181114.554:ERROR:process_reader_win.cc(123)] NtOpenThread: {Access Denied} A process has requested access to an object, but has not been granted those access rights. (0xc0000022)
[1029/181114.554:ERROR:exception_snapshot_win.cc(99)] thread ID 68 not found in process
[1029/181131.909:ERROR:directory_reader_win.cc(43)] FindFirstFile: The system cannot find the path specified. (0x3)
[1029/192030.611:ERROR:directory_reader_win.cc(43)] FindFirstFile: The system cannot find the path specified. (0x3)
[1029/192750.450:ERROR:process_reader_win.cc(123)] NtOpenThread: {Access Denied} A process has requested access to an object, but has not been granted those access rights. (0xc0000022)
[1029/192750.454:ERROR:exception_snapshot_win.cc(99)] thread ID 10760 not found in process
[1029/192750.469:ERROR:process_reader_win.cc(123)] NtOpenThread: {Access Denied} A process has requested access to an object, but has not been granted those access rights. (0xc0000022)
[1029/192750.469:ERROR:exception_snapshot_win.cc(99)] thread ID 11280 not found in process
[1029/193846.147:ERROR:directory_reader_win.cc(43)] FindFirstFile: The system cannot find the path specified. (0x3)
[1029/195818.993:ERROR:process_reader_win.cc(151)] SuspendThread: Access is denied. (0x5)
[1029/195818.994:ERROR:process_reader_win.cc(151)] SuspendThread: Access is denied. (0x5)
[1029/195818.994:ERROR:process_reader_win.cc(123)] NtOpenThread: {Access Denied} A process has requested access to an object, but has not been granted those access rights. (0xc0000022)
[1029/195818.994:ERROR:exception_snapshot_win.cc(99)] thread ID 12740 not found in process
[1029/195819.025:ERROR:process_reader_win.cc(123)] NtOpenThread: {Access Denied} A process has requested access to an object, but has not been granted those access rights. (0xc0000022)
[1029/195819.026:ERROR:exception_snapshot_win.cc(99)] thread ID 6468 not found in process
[1029/201223.873:ERROR:directory_reader_win.cc(43)] FindFirstFile: The system cannot find the path specified. (0x3)
[1030/001948.638:ERROR:directory_reader_win.cc(43)] FindFirstFile: The system cannot find the path specified. (0x3)
[1030/102826.561:ERROR:directory_reader_win.cc(43)] FindFirstFile: The system cannot find the path specified. (0x3)
[1031/162937.032:ERROR:directory_reader_win.cc(43)] FindFirstFile: The system cannot find the path specified. (0x3)
[1031/164747.855:ERROR:directory_reader_win.cc(43)] FindFirstFile: The system cannot find the path specified. (0x3)
[1031/172830.425:ERROR:process_reader_win.cc(151)] SuspendThread: Access is denied. (0x5)
[1031/172830.429:ERROR:process_reader_win.cc(123)] NtOpenThread: {Access Denied} A process has requested access to an object, but has not been granted those access rights. (0xc0000022)
[1031/172830.432:ERROR:exception_snapshot_win.cc(99)] thread ID 16424 not found in process
[1031/172830.577:ERROR:process_reader_win.cc(151)] SuspendThread: Access is denied. (0x5)
[1031/172830.577:ERROR:process_reader_win.cc(151)] SuspendThread: Access is denied. (0x5)
[1031/172830.577:ERROR:process_reader_win.cc(151)] SuspendThread: Access is denied. (0x5)
[1031/172830.577:ERROR:process_reader_win.cc(151)] SuspendThread: Access is denied. (0x5)
[1031/172830.577:ERROR:process_reader_win.cc(151)] SuspendThread: Access is denied. (0x5)
[1031/172830.577:ERROR:process_reader_win.cc(151)] SuspendThread: Access is denied. (0x5)
[1031/172830.577:ERROR:process_reader_win.cc(123)] NtOpenThread: {Access Denied} A process has requested access to an object, but has not been granted those access rights. (0xc0000022)
[1031/172830.577:ERROR:exception_snapshot_win.cc(99)] thread ID 3132 not found in process
[1031/172830.579:ERROR:process_reader_win.cc(151)] SuspendThread: Access is denied. (0x5)
[1031/172830.579:ERROR:process_reader_win.cc(151)] SuspendThread: Access is denied. (0x5)
[1031/172830.579:ERROR:process_reader_win.cc(123)] NtOpenThread: {Access Denied} A process has requested access to an object, but has not been granted those access rights. (0xc0000022)
[1031/172830.579:ERROR:exception_snapshot_win.cc(99)] thread ID 6592 not found in process
[1031/172830.566:ERROR:process_reader_win.cc(151)] SuspendThread: Access is denied. (0x5)
[1031/172830.609:ERROR:process_reader_win.cc(123)] NtOpenThread: {Access Denied} A process has requested access to an object, but has not been granted those access rights. (0xc0000022)
[1031/172830.610:ERROR:exception_snapshot_win.cc(99)] thread ID 17636 not found in process
[1031/172830.625:ERROR:process_reader_win.cc(151)] SuspendThread: Access is denied. (0x5)
[1031/172830.625:ERROR:process_reader_win.cc(151)] SuspendThread: Access is denied. (0x5)
[1031/172830.625:ERROR:process_reader_win.cc(151)] SuspendThread: Access is denied. (0x5)
[1031/172830.625:ERROR:process_reader_win.cc(151)] SuspendThread: Access is denied. (0x5)
[1031/172830.625:ERROR:process_reader_win.cc(123)] NtOpenThread: {Access Denied} A process has requested access to an object, but has not been granted those access rights. (0xc0000022)
[1031/172830.625:ERROR:exception_snapshot_win.cc(99)] thread ID 20792 not found in process
[1031/173629.091:ERROR:process_reader_win.cc(151)] SuspendThread: Access is denied. (0x5)
[1031/173629.092:ERROR:process_reader_win.cc(151)] SuspendThread: Access is denied. (0x5)
[1031/173629.092:ERROR:process_reader_win.cc(123)] NtOpenThread: {Access Denied} A process has requested access to an object, but has not been granted those access rights. (0xc0000022)
[1031/173629.092:ERROR:exception_snapshot_win.cc(99)] thread ID 14924 not found in process
[1031/173629.092:ERROR:process_reader_win.cc(151)] SuspendThread: Access is denied. (0x5)
[1031/173629.092:ERROR:process_reader_win.cc(123)] NtOpenThread: {Access Denied} A process has requested access to an object, but has not been granted those access rights. (0xc0000022)
[1031/173629.092:ERROR:exception_snapshot_win.cc(99)] thread ID 11232 not found in process
[1031/173629.125:ERROR:process_reader_win.cc(151)] SuspendThread: Access is denied. (0x5)
[1031/173629.125:ERROR:process_reader_win.cc(151)] SuspendThread: Access is denied. (0x5)
[1031/173629.125:ERROR:process_reader_win.cc(151)] SuspendThread: Access is denied. (0x5)
[1031/173629.125:ERROR:process_reader_win.cc(151)] SuspendThread: Access is denied. (0x5)
[1031/173629.125:ERROR:process_reader_win.cc(151)] SuspendThread: Access is denied. (0x5)
[1031/173629.125:ERROR:process_reader_win.cc(151)] SuspendThread: Access is denied. (0x5)
[1031/173629.125:ERROR:process_reader_win.cc(151)] SuspendThread: Access is denied. (0x5)
[1031/173629.125:ERROR:process_reader_win.cc(151)] SuspendThread: Access is denied. (0x5)
[1031/173629.125:ERROR:process_reader_win.cc(151)] SuspendThread: Access is denied. (0x5)
[1031/173629.125:ERROR:process_reader_win.cc(151)] SuspendThread: Access is denied. (0x5)
[1031/173629.125:ERROR:process_reader_win.cc(151)] SuspendThread: Access is denied. (0x5)
[1031/173629.125:ERROR:process_reader_win.cc(151)] SuspendThread: Access is denied. (0x5)
[1031/173629.125:ERROR:process_reader_win.cc(151)] SuspendThread: Access is denied. (0x5)
[1031/173629.125:ERROR:process_reader_win.cc(151)] SuspendThread: Access is denied. (0x5)
[1031/173629.125:ERROR:process_reader_win.cc(123)] NtOpenThread: {Access Denied} A process has requested access to an object, but has not been granted those access rights. (0xc0000022)
[1031/173629.125:ERROR:exception_snapshot_win.cc(99)] thread ID 5836 not found in process
[1031/173629.149:ERROR:process_reader_win.cc(151)] SuspendThread: Access is denied. (0x5)
[1031/173629.149:ERROR:process_reader_win.cc(151)] SuspendThread: Access is denied. (0x5)
[1031/173629.149:ERROR:process_reader_win.cc(151)] SuspendThread: Access is denied. (0x5)
[1031/173629.149:ERROR:process_reader_win.cc(151)] SuspendThread: Access is denied. (0x5)
[1031/173629.149:ERROR:process_reader_win.cc(151)] SuspendThread: Access is denied. (0x5)
[1031/173629.149:ERROR:process_reader_win.cc(123)] NtOpenThread: {Access Denied} A process has requested access to an object, but has not been granted those access rights. (0xc0000022)
[1031/173629.149:ERROR:exception_snapshot_win.cc(99)] thread ID 20756 not found in process
[1031/174132.178:ERROR:process_reader_win.cc(151)] SuspendThread: Access is denied. (0x5)
[1031/174132.178:ERROR:process_reader_win.cc(151)] SuspendThread: Access is denied. (0x5)
[1031/174132.178:ERROR:process_reader_win.cc(123)] NtOpenThread: {Access Denied} A process has requested access to an object, but has not been granted those access rights. (0xc0000022)
[1031/174132.178:ERROR:exception_snapshot_win.cc(99)] thread ID 18580 not found in process
[1031/174132.212:ERROR:process_reader_win.cc(151)] SuspendThread: Access is denied. (0x5)
[1031/174132.212:ERROR:process_reader_win.cc(151)] SuspendThread: Access is denied. (0x5)
[1031/174132.212:ERROR:process_reader_win.cc(151)] SuspendThread: Access is denied. (0x5)
[1031/174132.212:ERROR:process_reader_win.cc(151)] SuspendThread: Access is denied. (0x5)
[1031/174132.212:ERROR:process_reader_win.cc(151)] SuspendThread: Access is denied. (0x5)
[1031/174132.212:ERROR:process_reader_win.cc(123)] NtOpenThread: {Access Denied} A process has requested access to an object, but has not been granted those access rights. (0xc0000022)
[1031/174132.212:ERROR:exception_snapshot_win.cc(99)] thread ID 17704 not found in process
[1031/175032.118:ERROR:process_reader_win.cc(123)] NtOpenThread: {Access Denied} A process has requested access to an object, but has not been granted those access rights. (0xc0000022)
[1031/175032.118:ERROR:exception_snapshot_win.cc(99)] thread ID 15744 not found in process
[1031/175032.143:ERROR:process_reader_win.cc(123)] NtOpenThread: {Access Denied} A process has requested access to an object, but has not been granted those access rights. (0xc0000022)
[1031/175032.143:ERROR:exception_snapshot_win.cc(99)] thread ID 16064 not found in process
[1031/180422.956:ERROR:directory_reader_win.cc(43)] FindFirstFile: The system cannot find the path specified. (0x3)
[1031/180552.961:ERROR:directory_reader_win.cc(43)] FindFirstFile: The system cannot find the path specified. (0x3)
[1031/192120.202:ERROR:process_reader_win.cc(151)] SuspendThread: Access is denied. (0x5)
[1031/192120.210:ERROR:process_reader_win.cc(151)] SuspendThread: Access is denied. (0x5)
[1031/192120.210:ERROR:process_reader_win.cc(151)] SuspendThread: Access is denied. (0x5)
[1031/192120.210:ERROR:process_reader_win.cc(151)] SuspendThread: Access is denied. (0x5)
[1031/192120.210:ERROR:process_reader_win.cc(151)] SuspendThread: Access is denied. (0x5)
[1031/192120.210:ERROR:process_reader_win.cc(151)] SuspendThread: Access is denied. (0x5)
[1031/192120.210:ERROR:process_reader_win.cc(151)] SuspendThread: Access is denied. (0x5)
[1031/192120.210:ERROR:process_reader_win.cc(151)] SuspendThread: Access is denied. (0x5)
[1031/192120.210:ERROR:process_reader_win.cc(151)] SuspendThread: Access is denied. (0x5)
[1031/192120.210:ERROR:process_reader_win.cc(151)] SuspendThread: Access is denied. (0x5)
[1031/192120.210:ERROR:process_reader_win.cc(151)] SuspendThread: Access is denied. (0x5)
[1031/192120.210:ERROR:process_reader_win.cc(151)] SuspendThread: Access is denied. (0x5)
[1031/192120.210:ERROR:process_reader_win.cc(123)] NtOpenThread: {Access Denied} A process has requested access to an object, but has not been granted those access rights. (0xc0000022)
[1031/192120.263:ERROR:process_reader_win.cc(123)] NtOpenThread: {Access Denied} A process has requested access to an object, but has not been granted those access rights. (0xc0000022)
[1031/192120.264:ERROR:exception_snapshot_win.cc(99)] thread ID 20828 not found in process
[1031/192120.264:ERROR:exception_snapshot_win.cc(99)] thread ID 18628 not found in process
[1031/195355.480:ERROR:directory_reader_win.cc(43)] FindFirstFile: The system cannot find the path specified. (0x3)
[1031/195656.068:ERROR:process_reader_win.cc(151)] SuspendThread: Access is denied. (0x5)
[1031/195656.069:ERROR:process_reader_win.cc(151)] SuspendThread: Access is denied. (0x5)
[1031/195656.069:ERROR:process_reader_win.cc(151)] SuspendThread: Access is denied. (0x5)
[1031/195656.069:ERROR:process_reader_win.cc(151)] SuspendThread: Access is denied. (0x5)
[1031/195656.069:ERROR:process_reader_win.cc(151)] SuspendThread: Access is denied. (0x5)
[1031/195656.069:ERROR:process_reader_win.cc(151)] SuspendThread: Access is denied. (0x5)
[1031/195656.070:ERROR:process_reader_win.cc(151)] SuspendThread: Access is denied. (0x5)
[1031/195656.070:ERROR:process_reader_win.cc(151)] SuspendThread: Access is denied. (0x5)
[1031/195656.070:ERROR:process_reader_win.cc(151)] SuspendThread: Access is denied. (0x5)
[1031/195656.070:ERROR:process_reader_win.cc(151)] SuspendThread: Access is denied. (0x5)
[1031/195656.070:ERROR:process_reader_win.cc(123)] NtOpenThread: {Access Denied} A process has requested access to an object, but has not been granted those access rights. (0xc0000022)
[1031/195656.070:ERROR:exception_snapshot_win.cc(99)] thread ID 19340 not found in process
[1031/195656.083:ERROR:process_reader_win.cc(151)] SuspendThread: Access is denied. (0x5)
[1031/195656.083:ERROR:process_reader_win.cc(151)] SuspendThread: Access is denied. (0x5)
[1031/195656.083:ERROR:process_reader_win.cc(151)] SuspendThread: Access is denied. (0x5)
[1031/195656.083:ERROR:process_reader_win.cc(151)] SuspendThread: Access is denied. (0x5)
[1031/195656.083:ERROR:process_reader_win.cc(151)] SuspendThread: Access is denied. (0x5)
[1031/195656.083:ERROR:process_reader_win.cc(151)] SuspendThread: Access is denied. (0x5)
[1031/195656.083:ERROR:process_reader_win.cc(151)] SuspendThread: Access is denied. (0x5)
[1031/195656.083:ERROR:process_reader_win.cc(151)] SuspendThread: Access is denied. (0x5)
[1031/195656.083:ERROR:process_reader_win.cc(151)] SuspendThread: Access is denied. (0x5)
[1031/195656.083:ERROR:process_reader_win.cc(151)] SuspendThread: Access is denied. (0x5)
[1031/195656.084:ERROR:process_reader_win.cc(151)] SuspendThread: Access is denied. (0x5)
[1031/195656.084:ERROR:process_reader_win.cc(151)] SuspendThread: Access is denied. (0x5)
[1031/195656.084:ERROR:process_reader_win.cc(151)] SuspendThread: Access is denied. (0x5)
[1031/195656.084:ERROR:process_reader_win.cc(151)] SuspendThread: Access is denied. (0x5)
[1031/195656.084:ERROR:process_reader_win.cc(151)] SuspendThread: Access is denied. (0x5)
[1031/195656.084:ERROR:process_reader_win.cc(151)] SuspendThread: Access is denied. (0x5)
[1031/195656.084:ERROR:process_reader_win.cc(151)] SuspendThread: Access is denied. (0x5)
[1031/195656.084:ERROR:process_reader_win.cc(151)] SuspendThread: Access is denied. (0x5)
[1031/195656.084:ERROR:process_reader_win.cc(151)] SuspendThread: Access is denied. (0x5)
[1031/195656.085:ERROR:process_reader_win.cc(151)] SuspendThread: Access is denied. (0x5)
[1031/195656.086:ERROR:process_reader_win.cc(151)] SuspendThread: Access is denied. (0x5)
[1031/195656.086:ERROR:process_reader_win.cc(151)] SuspendThread: Access is denied. (0x5)
[1031/195656.086:ERROR:process_reader_win.cc(123)] NtOpenThread: {Access Denied} A process has requested access to an object, but has not been granted those access rights. (0xc0000022)
[1031/195656.086:ERROR:exception_snapshot_win.cc(99)] thread ID 11536 not found in process
[1031/195656.174:ERROR:process_reader_win.cc(151)] SuspendThread: Access is denied. (0x5)
[1031/195656.174:ERROR:process_reader_win.cc(123)] NtOpenThread: {Access Denied} A process has requested access to an object, but has not been granted those access rights. (0xc0000022)
[1031/195656.174:ERROR:exception_snapshot_win.cc(99)] thread ID 18700 not found in process
[1031/195656.192:ERROR:process_reader_win.cc(151)] SuspendThread: Access is denied. (0x5)
[1031/195656.192:ERROR:process_reader_win.cc(151)] SuspendThread: Access is denied. (0x5)
[1031/195656.193:ERROR:process_reader_win.cc(151)] SuspendThread: Access is denied. (0x5)
[1031/195656.193:ERROR:process_reader_win.cc(123)] NtOpenThread: {Access Denied} A process has requested access to an object, but has not been granted those access rights. (0xc0000022)
[1031/195656.193:ERROR:exception_snapshot_win.cc(99)] thread ID 2960 not found in process
[1031/200819.044:ERROR:directory_reader_win.cc(43)] FindFirstFile: The system cannot find the path specified. (0x3)
[1031/200909.914:ERROR:directory_reader_win.cc(43)] FindFirstFile: The system cannot find the path specified. (0x3)
[1031/200931.436:ERROR:process_reader_win.cc(151)] SuspendThread: Access is denied. (0x5)
[1031/200931.436:ERROR:process_reader_win.cc(151)] SuspendThread: Access is denied. (0x5)
[1031/200931.436:ERROR:process_reader_win.cc(123)] NtOpenThread: {Access Denied} A process has requested access to an object, but has not been granted those access rights. (0xc0000022)
[1031/200931.437:ERROR:exception_snapshot_win.cc(99)] thread ID 16860 not found in process
[1031/200931.437:ERROR:process_reader_win.cc(151)] SuspendThread: Access is denied. (0x5)
[1031/200931.438:ERROR:process_reader_win.cc(123)] NtOpenThread: {Access Denied} A process has requested access to an object, but has not been granted those access rights. (0xc0000022)
[1031/200931.438:ERROR:exception_snapshot_win.cc(99)] thread ID 9548 not found in process
[1031/200931.469:ERROR:process_reader_win.cc(151)] SuspendThread: Access is denied. (0x5)
[1031/200931.470:ERROR:process_reader_win.cc(151)] SuspendThread: Access is denied. (0x5)
[1031/200931.470:ERROR:process_reader_win.cc(151)] SuspendThread: Access is denied. (0x5)
[1031/200931.470:ERROR:process_reader_win.cc(151)] SuspendThread: Access is denied. (0x5)
[1031/200931.470:ERROR:process_reader_win.cc(123)] NtOpenThread: {Access Denied} A process has requested access to an object, but has not been granted those access rights. (0xc0000022)
[1031/200931.470:ERROR:exception_snapshot_win.cc(99)] thread ID 17532 not found in process
[1031/200931.471:ERROR:process_reader_win.cc(151)] SuspendThread: Access is denied. (0x5)
[1031/200931.472:ERROR:process_reader_win.cc(151)] SuspendThread: Access is denied. (0x5)
[1031/200931.472:ERROR:process_reader_win.cc(151)] SuspendThread: Access is denied. (0x5)
[1031/200931.472:ERROR:process_reader_win.cc(151)] SuspendThread: Access is denied. (0x5)
[1031/200931.472:ERROR:process_reader_win.cc(151)] SuspendThread: Access is denied. (0x5)
[1031/200931.472:ERROR:process_reader_win.cc(123)] NtOpenThread: {Access Denied} A process has requested access to an object, but has not been granted those access rights. (0xc0000022)
[1031/200931.472:ERROR:exception_snapshot_win.cc(99)] thread ID 13292 not found in process
[1031/202953.330:ERROR:process_reader_win.cc(151)] SuspendThread: Access is denied. (0x5)
[1031/202953.335:ERROR:process_reader_win.cc(151)] SuspendThread: Access is denied. (0x5)
[1031/202953.335:ERROR:process_reader_win.cc(123)] NtOpenThread: {Access Denied} A process has requested access to an object, but has not been granted those access rights. (0xc0000022)
[1031/202953.337:ERROR:exception_snapshot_win.cc(99)] thread ID 7368 not found in process
[1031/202953.369:ERROR:process_reader_win.cc(151)] SuspendThread: Access is denied. (0x5)
[1031/202953.369:ERROR:process_reader_win.cc(123)] NtOpenThread: {Access Denied} A process has requested access to an object, but has not been granted those access rights. (0xc0000022)
[1031/202953.369:ERROR:exception_snapshot_win.cc(99)] thread ID 6192 not found in process
[1031/204132.619:ERROR:directory_reader_win.cc(43)] FindFirstFile: The system cannot find the path specified. (0x3)
[1031/235503.610:ERROR:directory_reader_win.cc(43)] FindFirstFile: The system cannot find the path specified. (0x3)
[1101/000105.300:ERROR:directory_reader_win.cc(43)] FindFirstFile: The system cannot find the path specified. (0x3)
[1101/000211.422:ERROR:process_reader_win.cc(123)] NtOpenThread: {Access Denied} A process has requested access to an object, but has not been granted those access rights. (0xc0000022)
[1101/000211.423:ERROR:exception_snapshot_win.cc(99)] thread ID 18436 not found in process
[1101/000211.465:ERROR:process_reader_win.cc(123)] NtOpenThread: {Access Denied} A process has requested access to an object, but has not been granted those access rights. (0xc0000022)
[1101/000211.465:ERROR:exception_snapshot_win.cc(99)] thread ID 15608 not found in process
[1101/000327.431:ERROR:process_reader_win.cc(151)] SuspendThread: Access is denied. (0x5)
[1101/000327.432:ERROR:process_reader_win.cc(123)] NtOpenThread: {Access Denied} A process has requested access to an object, but has not been granted those access rights. (0xc0000022)
[1101/000327.434:ERROR:exception_snapshot_win.cc(99)] thread ID 232 not found in process
[1101/000327.465:ERROR:process_reader_win.cc(123)] NtOpenThread: {Access Denied} A process has requested access to an object, but has not been granted those access rights. (0xc0000022)
[1101/000327.465:ERROR:exception_snapshot_win.cc(99)] thread ID 10436 not found in process
[1101/000452.343:ERROR:process_reader_win.cc(151)] SuspendThread: Access is denied. (0x5)
[1101/000452.343:ERROR:process_reader_win.cc(151)] SuspendThread: Access is denied. (0x5)
[1101/000452.343:ERROR:process_reader_win.cc(123)] NtOpenThread: {Access Denied} A process has requested access to an object, but has not been granted those access rights. (0xc0000022)
[1101/000452.343:ERROR:exception_snapshot_win.cc(99)] thread ID 18756 not found in process
[1101/000452.387:ERROR:process_reader_win.cc(151)] SuspendThread: Access is denied. (0x5)
[1101/000452.387:ERROR:process_reader_win.cc(151)] SuspendThread: Access is denied. (0x5)
[1101/000452.387:ERROR:process_reader_win.cc(151)] SuspendThread: Access is denied. (0x5)
[1101/000452.387:ERROR:process_reader_win.cc(151)] SuspendThread: Access is denied. (0x5)
[1101/000452.387:ERROR:process_reader_win.cc(151)] SuspendThread: Access is denied. (0x5)
[1101/000452.387:ERROR:process_reader_win.cc(123)] NtOpenThread: {Access Denied} A process has requested access to an object, but has not been granted those access rights. (0xc0000022)
[1101/000452.387:ERROR:exception_snapshot_win.cc(99)] thread ID 21672 not found in process
[1101/000608.116:ERROR:process_reader_win.cc(123)] NtOpenThread: {Access Denied} A process has requested access to an object, but has not been granted those access rights. (0xc0000022)
[1101/000608.120:ERROR:exception_snapshot_win.cc(99)] thread ID 13356 not found in process
[1101/000608.177:ERROR:process_reader_win.cc(123)] NtOpenThread: {Access Denied} A process has requested access to an object, but has not been granted those access rights. (0xc0000022)
[1101/000608.177:ERROR:exception_snapshot_win.cc(99)] thread ID 14328 not found in process
[1101/001055.238:ERROR:process_reader_win.cc(151)] SuspendThread: Access is denied. (0x5)
[1101/001055.242:ERROR:process_reader_win.cc(123)] NtOpenThread: {Access Denied} A process has requested access to an object, but has not been granted those access rights. (0xc0000022)
[1101/001055.242:ERROR:exception_snapshot_win.cc(99)] thread ID 5196 not found in process
[1101/001055.266:ERROR:process_reader_win.cc(123)] NtOpenThread: {Access Denied} A process has requested access to an object, but has not been granted those access rights. (0xc0000022)
[1101/001055.266:ERROR:exception_snapshot_win.cc(99)] thread ID 22132 not found in process
[1101/001135.558:ERROR:process_reader_win.cc(151)] SuspendThread: Access is denied. (0x5)
[1101/001135.561:ERROR:process_reader_win.cc(151)] SuspendThread: Access is denied. (0x5)
[1101/001135.561:ERROR:process_reader_win.cc(123)] NtOpenThread: {Access Denied} A process has requested access to an object, but has not been granted those access rights. (0xc0000022)
[1101/001135.561:ERROR:exception_snapshot_win.cc(99)] thread ID 3204 not found in process
[1101/001135.622:ERROR:process_reader_win.cc(123)] NtOpenThread: {Access Denied} A process has requested access to an object, but has not been granted those access rights. (0xc0000022)
[1101/001135.622:ERROR:exception_snapshot_win.cc(99)] thread ID 20304 not found in process
[1101/001339.458:ERROR:process_reader_win.cc(151)] SuspendThread: Access is denied. (0x5)
[1101/001339.460:ERROR:process_reader_win.cc(123)] NtOpenThread: {Access Denied} A process has requested access to an object, but has not been granted those access rights. (0xc0000022)
[1101/001339.460:ERROR:exception_snapshot_win.cc(99)] thread ID 17568 not found in process
[1101/001339.507:ERROR:process_reader_win.cc(151)] SuspendThread: Access is denied. (0x5)
[1101/001339.507:ERROR:process_reader_win.cc(151)] SuspendThread: Access is denied. (0x5)
[1101/001339.511:ERROR:process_reader_win.cc(151)] SuspendThread: Access is denied. (0x5)
[1101/001339.511:ERROR:process_reader_win.cc(123)] NtOpenThread: {Access Denied} A process has requested access to an object, but has not been granted those access rights. (0xc0000022)
[1101/001339.511:ERROR:exception_snapshot_win.cc(99)] thread ID 19420 not found in process
[1101/002739.805:ERROR:process_reader_win.cc(151)] SuspendThread: Access is denied. (0x5)
[1101/002739.805:ERROR:process_reader_win.cc(151)] SuspendThread: Access is denied. (0x5)
[1101/002739.805:ERROR:process_reader_win.cc(151)] SuspendThread: Access is denied. (0x5)
[1101/002739.805:ERROR:process_reader_win.cc(151)] SuspendThread: Access is denied. (0x5)
[1101/002739.805:ERROR:process_reader_win.cc(151)] SuspendThread: Access is denied. (0x5)
[1101/002739.805:ERROR:process_reader_win.cc(151)] SuspendThread: Access is denied. (0x5)
[1101/002739.805:ERROR:process_reader_win.cc(151)] SuspendThread: Access is denied. (0x5)
[1101/002739.805:ERROR:process_reader_win.cc(151)] SuspendThread: Access is denied. (0x5)
[1101/002739.805:ERROR:process_reader_win.cc(123)] NtOpenThread: {Access Denied} A process has requested access to an object, but has not been granted those access rights. (0xc0000022)
[1101/002739.805:ERROR:exception_snapshot_win.cc(99)] thread ID 14672 not found in process
[1101/002739.824:ERROR:process_reader_win.cc(151)] SuspendThread: Access is denied. (0x5)
[1101/002739.885:ERROR:process_reader_win.cc(151)] SuspendThread: Access is denied. (0x5)
[1101/002739.885:ERROR:process_reader_win.cc(151)] SuspendThread: Access is denied. (0x5)
[1101/002739.885:ERROR:process_reader_win.cc(151)] SuspendThread: Access is denied. (0x5)
[1101/002739.885:ERROR:process_reader_win.cc(151)] SuspendThread: Access is denied. (0x5)
[1101/002739.885:ERROR:process_reader_win.cc(151)] SuspendThread: Access is denied. (0x5)
[1101/002739.885:ERROR:process_reader_win.cc(151)] SuspendThread: Access is denied. (0x5)
[1101/002739.885:ERROR:process_reader_win.cc(151)] SuspendThread: Access is denied. (0x5)
[1101/002739.885:ERROR:process_reader_win.cc(151)] SuspendThread: Access is denied. (0x5)
[1101/002739.885:ERROR:process_reader_win.cc(151)] SuspendThread: Access is denied. (0x5)
[1101/002739.885:ERROR:process_reader_win.cc(151)] SuspendThread: Access is denied. (0x5)
[1101/002739.885:ERROR:process_reader_win.cc(123)] NtOpenThread: An invalid Client ID was specified. (0xc000000b)
[1101/002739.885:ERROR:process_reader_win.cc(151)] SuspendThread: Access is denied. (0x5)
[1101/002739.885:ERROR:process_reader_win.cc(151)] SuspendThread: Access is denied. (0x5)
[1101/002739.885:ERROR:process_reader_win.cc(151)] SuspendThread: Access is denied. (0x5)
[1101/002739.885:ERROR:process_reader_win.cc(151)] SuspendThread: Access is denied. (0x5)
[1101/002739.885:ERROR:process_reader_win.cc(151)] SuspendThread: Access is denied. (0x5)
[1101/002739.885:ERROR:process_reader_win.cc(151)] SuspendThread: Access is denied. (0x5)
[1101/002739.885:ERROR:process_reader_win.cc(151)] SuspendThread: Access is denied. (0x5)
[1101/002739.885:ERROR:process_reader_win.cc(151)] SuspendThread: Access is denied. (0x5)
[1101/002739.885:ERROR:process_reader_win.cc(151)] SuspendThread: Access is denied. (0x5)
[1101/002739.885:ERROR:process_reader_win.cc(151)] SuspendThread: Access is denied. (0x5)
[1101/002739.885:ERROR:process_reader_win.cc(151)] SuspendThread: Access is denied. (0x5)
[1101/002739.885:ERROR:process_reader_win.cc(151)] SuspendThread: Access is denied. (0x5)
[1101/002739.885:ERROR:process_reader_win.cc(151)] SuspendThread: Access is denied. (0x5)
[1101/002739.885:ERROR:process_reader_win.cc(151)] SuspendThread: Access is denied. (0x5)
[1101/002739.885:ERROR:process_reader_win.cc(151)] SuspendThread: Access is denied. (0x5)
[1101/002739.885:ERROR:process_reader_win.cc(151)] SuspendThread: Access is denied. (0x5)
[1101/002739.885:ERROR:process_reader_win.cc(123)] NtOpenThread: {Access Denied} A process has requested access to an object, but has not been granted those access rights. (0xc0000022)
[1101/002739.885:ERROR:process_reader_win.cc(151)] SuspendThread: Access is denied. (0x5)
[1101/002739.885:ERROR:exception_snapshot_win.cc(99)] thread ID 13372 not found in process
[1101/002739.885:ERROR:process_reader_win.cc(151)] SuspendThread: Access is denied. (0x5)
[1101/002739.885:ERROR:process_reader_win.cc(151)] SuspendThread: Access is denied. (0x5)
[1101/002739.885:ERROR:process_reader_win.cc(151)] SuspendThread: Access is denied. (0x5)
[1101/002739.885:ERROR:process_reader_win.cc(151)] SuspendThread: Access is denied. (0x5)
[1101/002739.885:ERROR:process_reader_win.cc(151)] SuspendThread: Access is denied. (0x5)
[1101/002739.885:ERROR:process_reader_win.cc(151)] SuspendThread: Access is denied. (0x5)
[1101/002739.885:ERROR:process_reader_win.cc(151)] SuspendThread: Access is denied. (0x5)
[1101/002739.885:ERROR:process_reader_win.cc(123)] NtOpenThread: {Access Denied} A process has requested access to an object, but has not been granted those access rights. (0xc0000022)
[1101/002739.888:ERROR:exception_snapshot_win.cc(99)] thread ID 15696 not found in process
[1101/002739.888:ERROR:process_reader_win.cc(151)] SuspendThread: Access is denied. (0x5)
[1101/002739.888:ERROR:process_reader_win.cc(123)] NtOpenThread: {Access Denied} A process has requested access to an object, but has not been granted those access rights. (0xc0000022)
[1101/002739.888:ERROR:exception_snapshot_win.cc(99)] thread ID 2556 not found in process
[1101/002739.909:ERROR:process_reader_win.cc(151)] SuspendThread: Access is denied. (0x5)
[1101/002739.909:ERROR:process_reader_win.cc(123)] NtOpenThread: {Access Denied} A process has requested access to an object, but has not been granted those access rights. (0xc0000022)
[1101/002739.909:ERROR:exception_snapshot_win.cc(99)] thread ID 22444 not found in process
[1101/002739.923:ERROR:process_reader_win.cc(151)] SuspendThread: Access is denied. (0x5)
[1101/002739.926:ERROR:process_reader_win.cc(151)] SuspendThread: Access is denied. (0x5)
[1101/002739.926:ERROR:process_reader_win.cc(151)] SuspendThread: Access is denied. (0x5)
[1101/002739.927:ERROR:process_reader_win.cc(151)] SuspendThread: Access is denied. (0x5)
[1101/002739.927:ERROR:process_reader_win.cc(151)] SuspendThread: Access is denied. (0x5)
[1101/002739.927:ERROR:process_reader_win.cc(151)] SuspendThread: Access is denied. (0x5)
[1101/002739.927:ERROR:process_reader_win.cc(151)] SuspendThread: Access is denied. (0x5)
[1101/002739.927:ERROR:process_reader_win.cc(151)] SuspendThread: Access is denied. (0x5)
[1101/002739.927:ERROR:process_reader_win.cc(151)] SuspendThread: Access is denied. (0x5)
[1101/002739.927:ERROR:process_reader_win.cc(151)] SuspendThread: Access is denied. (0x5)
[1101/002739.930:ERROR:process_reader_win.cc(151)] SuspendThread: Access is denied. (0x5)
[1101/002739.930:ERROR:process_reader_win.cc(151)] SuspendThread: Access is denied. (0x5)
[1101/002739.930:ERROR:process_reader_win.cc(151)] SuspendThread: Access is denied. (0x5)
[1101/002739.931:ERROR:process_reader_win.cc(151)] SuspendThread: Access is denied. (0x5)
[1101/002739.931:ERROR:process_reader_win.cc(151)] SuspendThread: Access is denied. (0x5)
[1101/002739.931:ERROR:process_reader_win.cc(151)] SuspendThread: Access is denied. (0x5)
[1101/002739.931:ERROR:process_reader_win.cc(151)] SuspendThread: Access is denied. (0x5)
[1101/002739.932:ERROR:process_reader_win.cc(151)] SuspendThread: Access is denied. (0x5)
[1101/002739.932:ERROR:process_reader_win.cc(123)] NtOpenThread: {Access Denied} A process has requested access to an object, but has not been granted those access rights. (0xc0000022)
[1101/002739.936:ERROR:exception_snapshot_win.cc(99)] thread ID 21176 not found in process
[1101/002739.971:ERROR:process_reader_win.cc(151)] SuspendThread: Access is denied. (0x5)
[1101/002739.972:ERROR:process_reader_win.cc(123)] NtOpenThread: {Access Denied} A process has requested access to an object, but has not been granted those access rights. (0xc0000022)
[1101/002739.973:ERROR:exception_snapshot_win.cc(99)] thread ID 17412 not found in process
[1101/002739.995:ERROR:process_reader_win.cc(151)] SuspendThread: Access is denied. (0x5)
[1101/002740.006:ERROR:process_reader_win.cc(151)] SuspendThread: Access is denied. (0x5)
[1101/002740.006:ERROR:process_reader_win.cc(151)] SuspendThread: Access is denied. (0x5)
[1101/002740.006:ERROR:process_reader_win.cc(151)] SuspendThread: Access is denied. (0x5)
[1101/002740.007:ERROR:process_reader_win.cc(151)] SuspendThread: Access is denied. (0x5)
[1101/002740.007:ERROR:process_reader_win.cc(151)] SuspendThread: Access is denied. (0x5)
[1101/002740.007:ERROR:process_reader_win.cc(151)] SuspendThread: Access is denied. (0x5)
[1101/002740.007:ERROR:process_reader_win.cc(151)] SuspendThread: Access is denied. (0x5)
[1101/002740.007:ERROR:process_reader_win.cc(151)] SuspendThread: Access is denied. (0x5)
[1101/002740.007:ERROR:process_reader_win.cc(151)] SuspendThread: Access is denied. (0x5)
[1101/002740.008:ERROR:process_reader_win.cc(151)] SuspendThread: Access is denied. (0x5)
[1101/002740.008:ERROR:process_reader_win.cc(151)] SuspendThread: Access is denied. (0x5)
[1101/002740.008:ERROR:process_reader_win.cc(151)] SuspendThread: Access is denied. (0x5)
[1101/002740.008:ERROR:process_reader_win.cc(151)] SuspendThread: Access is denied. (0x5)
[1101/002740.008:ERROR:process_reader_win.cc(151)] SuspendThread: Access is denied. (0x5)
[1101/002740.008:ERROR:process_reader_win.cc(151)] SuspendThread: Access is denied. (0x5)
[1101/002740.008:ERROR:process_reader_win.cc(151)] SuspendThread: Access is denied. (0x5)
[1101/002740.008:ERROR:process_reader_win.cc(151)] SuspendThread: Access is denied. (0x5)
[1101/002740.008:ERROR:process_reader_win.cc(151)] SuspendThread: Access is denied. (0x5)
[1101/002740.008:ERROR:process_reader_win.cc(151)] SuspendThread: Access is denied. (0x5)
[1101/002740.009:ERROR:process_reader_win.cc(151)] SuspendThread: Access is denied. (0x5)
[1101/002740.009:ERROR:process_reader_win.cc(151)] SuspendThread: Access is denied. (0x5)
[1101/002740.009:ERROR:process_reader_win.cc(151)] SuspendThread: Access is denied. (0x5)
[1101/002740.009:ERROR:process_reader_win.cc(151)] SuspendThread: Access is denied. (0x5)
[1101/002740.009:ERROR:process_reader_win.cc(151)] SuspendThread: Access is denied. (0x5)
[1101/002740.009:ERROR:process_reader_win.cc(123)] NtOpenThread: {Access Denied} A process has requested access to an object, but has not been granted those access rights. (0xc0000022)
[1101/002740.009:ERROR:exception_snapshot_win.cc(99)] thread ID 21720 not found in process
[1101/002740.088:ERROR:process_reader_win.cc(151)] SuspendThread: Access is denied. (0x5)
[1101/002740.088:ERROR:process_reader_win.cc(151)] SuspendThread: Access is denied. (0x5)
[1101/002740.088:ERROR:process_reader_win.cc(151)] SuspendThread: Access is denied. (0x5)
[1101/002740.088:ERROR:process_reader_win.cc(151)] SuspendThread: Access is denied. (0x5)
[1101/002740.088:ERROR:process_reader_win.cc(123)] NtOpenThread: {Access Denied} A process has requested access to an object, but has not been granted those access rights. (0xc0000022)
[1101/002740.088:ERROR:exception_snapshot_win.cc(99)] thread ID 9736 not found in process
[1101/003327.083:ERROR:process_reader_win.cc(151)] SuspendThread: Access is denied. (0x5)
[1101/003327.083:ERROR:process_reader_win.cc(123)] NtOpenThread: {Access Denied} A process has requested access to an object, but has not been granted those access rights. (0xc0000022)
[1101/003327.083:ERROR:exception_snapshot_win.cc(99)] thread ID 21916 not found in process
[1101/003327.114:ERROR:process_reader_win.cc(123)] NtOpenThread: {Access Denied} A process has requested access to an object, but has not been granted those access rights. (0xc0000022)
[1101/003327.114:ERROR:exception_snapshot_win.cc(99)] thread ID 5672 not found in process
[1101/004334.704:ERROR:directory_reader_win.cc(43)] FindFirstFile: The system cannot find the path specified. (0x3)
[1101/005528.518:ERROR:process_reader_win.cc(151)] SuspendThread: Access is denied. (0x5)
[1101/005528.519:ERROR:process_reader_win.cc(151)] SuspendThread: Access is denied. (0x5)
[1101/005528.519:ERROR:process_reader_win.cc(123)] NtOpenThread: {Access Denied} A process has requested access to an object, but has not been granted those access rights. (0xc0000022)
[1101/005528.520:ERROR:exception_snapshot_win.cc(99)] thread ID 13292 not found in process
[1101/005528.539:ERROR:process_reader_win.cc(123)] NtOpenThread: {Access Denied} A process has requested access to an object, but has not been granted those access rights. (0xc0000022)
[1101/005528.539:ERROR:exception_snapshot_win.cc(99)] thread ID 9464 not found in process
[1101/010536.074:ERROR:process_reader_win.cc(151)] SuspendThread: Access is denied. (0x5)
[1101/010536.075:ERROR:process_reader_win.cc(151)] SuspendThread: Access is denied. (0x5)
[1101/010536.075:ERROR:process_reader_win.cc(123)] NtOpenThread: {Access Denied} A process has requested access to an object, but has not been granted those access rights. (0xc0000022)
[1101/010536.076:ERROR:exception_snapshot_win.cc(99)] thread ID 22344 not found in process
[1101/010536.099:ERROR:process_reader_win.cc(151)] SuspendThread: Access is denied. (0x5)
[1101/010536.099:ERROR:process_reader_win.cc(123)] NtOpenThread: {Access Denied} A process has requested access to an object, but has not been granted those access rights. (0xc0000022)
[1101/010536.099:ERROR:exception_snapshot_win.cc(99)] thread ID 18712 not found in process
[1101/010536.159:ERROR:process_reader_win.cc(151)] SuspendThread: Access is denied. (0x5)
[1101/010536.159:ERROR:process_reader_win.cc(151)] SuspendThread: Access is denied. (0x5)
[1101/010536.159:ERROR:process_reader_win.cc(151)] SuspendThread: Access is denied. (0x5)
[1101/010536.160:ERROR:process_reader_win.cc(151)] SuspendThread: Access is denied. (0x5)
[1101/010536.160:ERROR:process_reader_win.cc(123)] NtOpenThread: {Access Denied} A process has requested access to an object, but has not been granted those access rights. (0xc0000022)
[1101/010536.160:ERROR:exception_snapshot_win.cc(99)] thread ID 7300 not found in process
[1101/010830.310:ERROR:process_reader_win.cc(151)] SuspendThread: Access is denied. (0x5)
[1101/010830.312:ERROR:process_reader_win.cc(151)] SuspendThread: Access is denied. (0x5)
[1101/010830.312:ERROR:process_reader_win.cc(123)] NtOpenThread: {Access Denied} A process has requested access to an object, but has not been granted those access rights. (0xc0000022)
[1101/010830.312:ERROR:exception_snapshot_win.cc(99)] thread ID 21312 not found in process
[1101/010847.316:ERROR:process_reader_win.cc(151)] SuspendThread: Access is denied. (0x5)
[1101/010847.318:ERROR:process_reader_win.cc(151)] SuspendThread: Access is denied. (0x5)
[1101/010847.318:ERROR:process_reader_win.cc(151)] SuspendThread: Access is denied. (0x5)
[1101/010847.318:ERROR:process_reader_win.cc(123)] NtOpenThread: {Access Denied} A process has requested access to an object, but has not been granted those access rights. (0xc0000022)
[1101/010847.318:ERROR:exception_snapshot_win.cc(99)] thread ID 7532 not found in process
[1101/011336.749:ERROR:process_reader_win.cc(123)] NtOpenThread: {Access Denied} A process has requested access to an object, but has not been granted those access rights. (0xc0000022)
[1101/011336.751:ERROR:exception_snapshot_win.cc(99)] thread ID 15220 not found in process
[1101/011336.793:ERROR:process_reader_win.cc(123)] NtOpenThread: {Access Denied} A process has requested access to an object, but has not been granted those access rights. (0xc0000022)
[1101/011336.793:ERROR:exception_snapshot_win.cc(99)] thread ID 20196 not found in process
[1101/011757.676:ERROR:process_reader_win.cc(151)] SuspendThread: Access is denied. (0x5)
[1101/011757.676:ERROR:process_reader_win.cc(151)] SuspendThread: Access is denied. (0x5)
[1101/011757.676:ERROR:process_reader_win.cc(123)] NtOpenThread: {Access Denied} A process has requested access to an object, but has not been granted those access rights. (0xc0000022)
[1101/011757.676:ERROR:exception_snapshot_win.cc(99)] thread ID 12496 not found in process
[1101/011757.729:ERROR:process_reader_win.cc(151)] SuspendThread: Access is denied. (0x5)
[1101/011757.730:ERROR:process_reader_win.cc(151)] SuspendThread: Access is denied. (0x5)
[1101/011757.730:ERROR:process_reader_win.cc(151)] SuspendThread: Access is denied. (0x5)
[1101/011757.730:ERROR:process_reader_win.cc(151)] SuspendThread: Access is denied. (0x5)
[1101/011757.730:ERROR:process_reader_win.cc(151)] SuspendThread: Access is denied. (0x5)
[1101/011757.730:ERROR:process_reader_win.cc(123)] NtOpenThread: {Access Denied} A process has requested access to an object, but has not been granted those access rights. (0xc0000022)
[1101/011757.730:ERROR:exception_snapshot_win.cc(99)] thread ID 18080 not found in process
[1101/013501.808:ERROR:process_reader_win.cc(151)] SuspendThread: Access is denied. (0x5)
[1101/013501.810:ERROR:process_reader_win.cc(151)] SuspendThread: Access is denied. (0x5)
[1101/013501.810:ERROR:process_reader_win.cc(123)] NtOpenThread: {Access Denied} A process has requested access to an object, but has not been granted those access rights. (0xc0000022)
[1101/013501.810:ERROR:exception_snapshot_win.cc(99)] thread ID 10668 not found in process
[1101/013501.842:ERROR:process_reader_win.cc(151)] SuspendThread: Access is denied. (0x5)
[1101/013501.842:ERROR:process_reader_win.cc(151)] SuspendThread: Access is denied. (0x5)
[1101/013501.842:ERROR:process_reader_win.cc(151)] SuspendThread: Access is denied. (0x5)
[1101/013501.842:ERROR:process_reader_win.cc(151)] SuspendThread: Access is denied. (0x5)
[1101/013501.842:ERROR:process_reader_win.cc(123)] NtOpenThread: {Access Denied} A process has requested access to an object, but has not been granted those access rights. (0xc0000022)
[1101/013501.842:ERROR:exception_snapshot_win.cc(99)] thread ID 22360 not found in process
[1101/031843.100:ERROR:directory_reader_win.cc(43)] FindFirstFile: The system cannot find the path specified. (0x3)
[1101/134513.548:ERROR:process_reader_win.cc(123)] NtOpenThread: {Access Denied} A process has requested access to an object, but has not been granted those access rights. (0xc0000022)
[1101/134513.552:ERROR:exception_snapshot_win.cc(99)] thread ID 17516 not found in process
[1101/134513.569:ERROR:process_reader_win.cc(123)] NtOpenThread: {Access Denied} A process has requested access to an object, but has not been granted those access rights. (0xc0000022)
[1101/134513.572:ERROR:exception_snapshot_win.cc(99)] thread ID 16524 not found in process
[1101/135619.394:ERROR:directory_reader_win.cc(43)] FindFirstFile: The system cannot find the path specified. (0x3)
[1101/141743.578:ERROR:directory_reader_win.cc(43)] FindFirstFile: The system cannot find the path specified. (0x3)
[1101/142816.553:ERROR:directory_reader_win.cc(43)] FindFirstFile: The system cannot find the path specified. (0x3)
[1101/143008.410:ERROR:directory_reader_win.cc(43)] FindFirstFile: The system cannot find the path specified. (0x3)
[1101/144658.098:ERROR:directory_reader_win.cc(43)] FindFirstFile: The system cannot find the path specified. (0x3)
[1101/145847.302:ERROR:directory_reader_win.cc(43)] FindFirstFile: The system cannot find the path specified. (0x3)
[1101/153941.603:ERROR:directory_reader_win.cc(43)] FindFirstFile: The system cannot find the path specified. (0x3)
[1101/155501.172:ERROR:process_reader_win.cc(151)] SuspendThread: Access is denied. (0x5)
[1101/155501.174:ERROR:process_reader_win.cc(151)] SuspendThread: Access is denied. (0x5)
[1101/155501.174:ERROR:process_reader_win.cc(123)] NtOpenThread: {Access Denied} A process has requested access to an object, but has not been granted those access rights. (0xc0000022)
[1101/155501.176:ERROR:exception_snapshot_win.cc(99)] thread ID 20272 not found in process
[1101/155501.288:ERROR:process_reader_win.cc(151)] SuspendThread: Access is denied. (0x5)
[1101/155501.288:ERROR:process_reader_win.cc(151)] SuspendThread: Access is denied. (0x5)
[1101/155501.288:ERROR:process_reader_win.cc(151)] SuspendThread: Access is denied. (0x5)
[1101/155501.288:ERROR:process_reader_win.cc(151)] SuspendThread: Access is denied. (0x5)
[1101/155501.289:ERROR:process_reader_win.cc(151)] SuspendThread: Access is denied. (0x5)
[1101/155501.289:ERROR:process_reader_win.cc(123)] NtOpenThread: {Access Denied} A process has requested access to an object, but has not been granted those access rights. (0xc0000022)
[1101/155501.289:ERROR:exception_snapshot_win.cc(99)] thread ID 10572 not found in process
[1101/161018.583:ERROR:directory_reader_win.cc(43)] FindFirstFile: The system cannot find the path specified. (0x3)
[1101/165656.345:ERROR:process_reader_win.cc(151)] SuspendThread: Access is denied. (0x5)
[1101/165656.345:ERROR:process_reader_win.cc(151)] SuspendThread: Access is denied. (0x5)
[1101/165656.345:ERROR:process_reader_win.cc(123)] NtOpenThread: {Access Denied} A process has requested access to an object, but has not been granted those access rights. (0xc0000022)
[1101/165656.345:ERROR:exception_snapshot_win.cc(99)] thread ID 16364 not found in process
[1101/165656.387:ERROR:process_reader_win.cc(123)] NtOpenThread: {Access Denied} A process has requested access to an object, but has not been granted those access rights. (0xc0000022)
[1101/165656.387:ERROR:exception_snapshot_win.cc(99)] thread ID 14068 not found in process
